<package xmlns="http://ns.saxonica.com/xslt/export" xmlns:fn="http://www.w3.org/2005/xpath-functions" xmlns:xs="http://www.w3.org/2001/XMLSchema" xmlns:vv="http://saxon.sf.net/generated-variable" xmlns:java-type="http://saxon.sf.net/java-type" dmk="TGljZW5zb3I9U2F4b25pY2EKTGljZW5zZWU9TydOZWlsIERlbHByYXR0CkNvbXBhbnk9T0VNIFNheG9uCkVtYWlsPW9uZWlsQFNheG9uaWNhLmNvbQpFZGl0aW9uPUVFClNBVD15ZXMKU0FRPXllcwpTQVY9eWVzCklzc3VlZD0yMDE1LTExLTEyClNlcmllcz1WClNlcmlhbD1WMDAwMDA2ClVzZXI9UDAwMDEKRXZhbHVhdGlvbj1ubwpFeHBpcmF0aW9uPW5ldmVyClVwZ3JhZGVEYXlzPTM2NgpNYWludGVuYW5jZURheXM9MzY2ClNpZ25hdHVyZT0zMDJEMDIxNDE2QUJCMzMxQzIzNTA2OEU5NUE4QjRFN0M3NTI2NkIyMUJEQkQwMUMwMjE1MDA4RjVFMzQ3OUMxMzRFOTI2QzJFRjczNzM0M0RFNzhGMDg4NTIyMjg4Cg==" version="30" packageVersion="1">
 <co id="0" binds="">
  <globalVariable name="Q{}base" type="xs:string" line="0" visibility="PRIVATE" jsAcceptor="return SaxonJS.U.Atomic.string.cast(val);" jsCardCheck="function c(n) {return n==1;};">
   <fn vn="31" baseUri="file:/Users/mike/w3c/qt3t/QT3-test-suite/viewer/test-case.xsl" ns="=http://www.w3.org/1999/xhtml xsl=http://www.w3.org/1999/XSL/Transform t=http://www.w3.org/2010/09/qt-fots-catalog prop=http://saxonica.com/ns/html-property ixsl=http://saxonica.com/ns/interactiveXSLT style=http://saxonica.com/ns/html-style-property xs=http://www.w3.org/2001/XMLSchema" line="11" name="substring-before">
    <treat as="xs:string" jsTest="return SaxonJS.U.Atomic.string.matches(item);" diag="0|0||substring-before">
     <check card="?" diag="0|0||substring-before">
      <cvUntyped to="xs:string">
       <data>
        <ifCall xmlns:ixsl="http://saxonica.com/ns/interactiveXSLT" name="ixsl:location" type="item()?"/>
       </data>
      </cvUntyped>
     </check>
    </treat>
    <str val="?"/>
   </fn>
  </globalVariable>
 </co>
 <co id="1" binds="">
  <globalVariable name="Q{}file" type="xs:string" line="0" visibility="PRIVATE" jsAcceptor="return SaxonJS.U.Atomic.string.cast(val);" jsCardCheck="function c(n) {return n==1;};">
   <fn vn="31" baseUri="file:/Users/mike/w3c/qt3t/QT3-test-suite/viewer/test-case.xsl" ns="=http://www.w3.org/1999/xhtml xsl=http://www.w3.org/1999/XSL/Transform t=http://www.w3.org/2010/09/qt-fots-catalog prop=http://saxonica.com/ns/html-property ixsl=http://saxonica.com/ns/interactiveXSLT style=http://saxonica.com/ns/html-style-property xs=http://www.w3.org/2001/XMLSchema" line="10" name="substring-before">
    <fn name="substring-after">
     <treat as="xs:string" jsTest="return SaxonJS.U.Atomic.string.matches(item);" diag="0|0||substring-after">
      <check card="?" diag="0|0||substring-after">
       <cvUntyped to="xs:string">
        <data>
         <ifCall xmlns:ixsl="http://saxonica.com/ns/interactiveXSLT" name="ixsl:location" type="item()?"/>
        </data>
       </cvUntyped>
      </check>
     </treat>
     <str val="?src="/>
    </fn>
    <str val=";"/>
   </fn>
  </globalVariable>
 </co>
 <co id="2" binds="">
  <globalVariable name="Q{}test-case" type="xs:string" line="0" visibility="PRIVATE" jsAcceptor="return SaxonJS.U.Atomic.string.cast(val);" jsCardCheck="function c(n) {return n==1;};">
   <fn vn="31" baseUri="file:/Users/mike/w3c/qt3t/QT3-test-suite/viewer/test-case.xsl" ns="=http://www.w3.org/1999/xhtml xsl=http://www.w3.org/1999/XSL/Transform t=http://www.w3.org/2010/09/qt-fots-catalog prop=http://saxonica.com/ns/html-property ixsl=http://saxonica.com/ns/interactiveXSLT style=http://saxonica.com/ns/html-style-property xs=http://www.w3.org/2001/XMLSchema" line="12" name="substring-after">
    <treat as="xs:string" jsTest="return SaxonJS.U.Atomic.string.matches(item);" diag="0|0||substring-after">
     <check card="?" diag="0|0||substring-after">
      <cvUntyped to="xs:string">
       <data>
        <ifCall xmlns:ixsl="http://saxonica.com/ns/interactiveXSLT" name="ixsl:location" type="item()?"/>
       </data>
      </cvUntyped>
     </check>
    </treat>
    <str val=";case="/>
   </fn>
  </globalVariable>
 </co>
 <co id="3" binds="1 4 5">
  <template name="Q{}main" flags="os" line="14" module="file:/Users/mike/w3c/qt3t/QT3-test-suite/viewer/test-case.xsl" slots="0">
   <sequence role="body" vn="31" baseUri="file:/Users/mike/w3c/qt3t/QT3-test-suite/viewer/test-case.xsl" ns="=http://www.w3.org/1999/xhtml xsl=http://www.w3.org/1999/XSL/Transform t=http://www.w3.org/2010/09/qt-fots-catalog prop=http://saxonica.com/ns/html-property ixsl=http://saxonica.com/ns/interactiveXSLT style=http://saxonica.com/ns/html-style-property xs=http://www.w3.org/2001/XMLSchema" line="15">
    <resultDoc global="#&#xA;#Thu Sep 15 22:45:41 BST 2016&#xA;" local="#&#xA;#Thu Sep 15 22:45:41 BST 2016&#xA;method={http\://saxonica.com/ns/interactiveXSLT}replace-content&#xA;">
     <str role="href" val="#title"/>
     <valueOf role="content" flags="e">
      <fn name="concat">
       <str val=" File "/>
       <gVarRef name="Q{}file" bSlot="0"/>
       <str val=" "/>
      </fn>
     </valueOf>
    </resultDoc>
    <applyT line="16" flags="t" bSlot="1">
     <gVarRef role="select" name="Q{http://saxon.sf.net/generated-variable}gg859417998" bSlot="2"/>
    </applyT>
   </sequence>
  </template>
 </co>
 <co id="5" binds="2 0 1">
  <globalVariable name="Q{http://saxon.sf.net/generated-variable}gg859417998" type="node()*" line="16" module="file:/Users/mike/w3c/qt3t/QT3-test-suite/viewer/test-case.xsl" visibility="PRIVATE" jsAcceptor="function test(item) {return SaxonJS.U.isNode(item);};if (test(val)) {return val;} else {throw XError('Conversion failed', 'XTTE0590');}" jsCardCheck="function c() {return true;};">
   <fn vn="31" baseUri="file:/Users/mike/w3c/qt3t/QT3-test-suite/viewer/test-case.xsl" ns="=http://www.w3.org/1999/xhtml xsl=http://www.w3.org/1999/XSL/Transform t=http://www.w3.org/2010/09/qt-fots-catalog prop=http://saxonica.com/ns/html-property ixsl=http://saxonica.com/ns/interactiveXSLT style=http://saxonica.com/ns/html-style-property xs=http://www.w3.org/2001/XMLSchema" line="16" name="key">
    <str val="Q{http://saxon.sf.net/}kk101"/>
    <gVarRef name="Q{}test-case" bSlot="0"/>
    <fn name="doc">
     <fn name="replace">
      <gVarRef name="Q{}base" bSlot="1"/>
      <str val="viewer/test-case.html"/>
      <gVarRef name="Q{}file" bSlot="2"/>
      <str val=""/>
     </fn>
    </fn>
   </fn>
  </globalVariable>
 </co>
 <co id="4" binds="4 4 2 4 4 4 4 4 4">
  <mode onNo="TC" flags="dW" patternSlots="0">
   <templateRule prec="0" prio="0.5" seq="7" rank="1" minImp="0" slots="0" flags="os" line="103" module="file:/Users/mike/w3c/qt3t/QT3-test-suite/viewer/test-case.xsl">
    <p.withUpper role="match" axis="ancestor" upFirst="false">
     <p.nodeTest test="element()" jsTest="return SaxonJS.U.isNode(item) &amp;&amp; item.nodeType==1;"/>
     <p.nodeTest test="element(Q{http://www.w3.org/2010/09/qt-fots-catalog}result)" jsTest="var q=SaxonJS.U.nameOfNode(item); return SaxonJS.U.isNode(item) &amp;&amp; item.nodeType==1 &amp;&amp; q.uri=='http://www.w3.org/2010/09/qt-fots-catalog'&amp;&amp;q.local=='result';"/>
    </p.withUpper>
    <sequence role="action" vn="31" baseUri="file:/Users/mike/w3c/qt3t/QT3-test-suite/viewer/test-case.xsl" ns="=http://www.w3.org/1999/xhtml xsl=http://www.w3.org/1999/XSL/Transform t=http://www.w3.org/2010/09/qt-fots-catalog prop=http://saxonica.com/ns/html-property ixsl=http://saxonica.com/ns/interactiveXSLT style=http://saxonica.com/ns/html-style-property xs=http://www.w3.org/2001/XMLSchema" line="104">
     <elem name="dt" nsuri="http://www.w3.org/1999/xhtml" flags="d" namespaces="=http://www.w3.org/1999/xhtml">
      <valueOf flags="e">
       <fn name="name">
        <dot type="element()"/>
       </fn>
      </valueOf>
     </elem>
     <elem line="105" name="dd" nsuri="http://www.w3.org/1999/xhtml" flags="d" namespaces="=http://www.w3.org/1999/xhtml">
      <valueOf flags="e">
       <convert from="xs:untypedAtomic" to="xs:string">
        <data>
         <dot type="element()"/>
        </data>
       </convert>
      </valueOf>
     </elem>
    </sequence>
   </templateRule>
   <templateRule prec="0" prio="0.5" seq="3" rank="1" minImp="0" slots="0" flags="os" line="67" module="file:/Users/mike/w3c/qt3t/QT3-test-suite/viewer/test-case.xsl">
    <p.withUpper role="match" axis="parent" upFirst="false">
     <p.nodeTest test="element()" jsTest="return SaxonJS.U.isNode(item) &amp;&amp; item.nodeType==1;"/>
     <p.nodeTest test="element(Q{http://www.w3.org/2010/09/qt-fots-catalog}environment)" jsTest="var q=SaxonJS.U.nameOfNode(item); return SaxonJS.U.isNode(item) &amp;&amp; item.nodeType==1 &amp;&amp; q.uri=='http://www.w3.org/2010/09/qt-fots-catalog'&amp;&amp;q.local=='environment';"/>
    </p.withUpper>
    <sequence role="action" vn="31" baseUri="file:/Users/mike/w3c/qt3t/QT3-test-suite/viewer/test-case.xsl" ns="=http://www.w3.org/1999/xhtml xsl=http://www.w3.org/1999/XSL/Transform t=http://www.w3.org/2010/09/qt-fots-catalog prop=http://saxonica.com/ns/html-property ixsl=http://saxonica.com/ns/interactiveXSLT style=http://saxonica.com/ns/html-style-property xs=http://www.w3.org/2001/XMLSchema" line="68">
     <elem name="dt" nsuri="http://www.w3.org/1999/xhtml" flags="d" namespaces="=http://www.w3.org/1999/xhtml">
      <valueOf flags="e">
       <fn name="name">
        <dot type="element()"/>
       </fn>
      </valueOf>
     </elem>
     <elem line="69" name="dd" nsuri="http://www.w3.org/1999/xhtml" flags="d" namespaces="=http://www.w3.org/1999/xhtml">
      <valueOf flags="e">
       <fn name="string-join">
        <convert from="xs:untypedAtomic" to="xs:string">
         <sequence>
          <data>
           <axis name="attribute" nodeTest="attribute(Q{}file)" jsTest="return item.name=='file'"/>
          </data>
          <data>
           <axis name="attribute" nodeTest="attribute(Q{}uri)" jsTest="return item.name=='uri'"/>
          </data>
         </sequence>
        </convert>
        <str val=" "/>
       </fn>
      </valueOf>
     </elem>
    </sequence>
   </templateRule>
   <templateRule prec="0" prio="0.0" seq="1" rank="0" minImp="0" slots="0" flags="os" line="58" module="file:/Users/mike/w3c/qt3t/QT3-test-suite/viewer/test-case.xsl">
    <p.nodeTest role="match" test="element(Q{http://www.w3.org/2010/09/qt-fots-catalog}dependency)" jsTest="var q=SaxonJS.U.nameOfNode(item); return SaxonJS.U.isNode(item) &amp;&amp; item.nodeType==1 &amp;&amp; q.uri=='http://www.w3.org/2010/09/qt-fots-catalog'&amp;&amp;q.local=='dependency';"/>
    <sequence role="action" vn="31" baseUri="file:/Users/mike/w3c/qt3t/QT3-test-suite/viewer/test-case.xsl" ns="=http://www.w3.org/1999/xhtml xsl=http://www.w3.org/1999/XSL/Transform t=http://www.w3.org/2010/09/qt-fots-catalog prop=http://saxonica.com/ns/html-property ixsl=http://saxonica.com/ns/interactiveXSLT style=http://saxonica.com/ns/html-style-property xs=http://www.w3.org/2001/XMLSchema" line="59">
     <elem name="dt" nsuri="http://www.w3.org/1999/xhtml" flags="d" namespaces="=http://www.w3.org/1999/xhtml">
      <valueOf flags="e">
       <convert from="xs:untypedAtomic" to="xs:string">
        <data>
         <axis name="attribute" nodeTest="attribute(Q{}type)" jsTest="return item.name=='type'"/>
        </data>
       </convert>
      </valueOf>
     </elem>
     <elem line="60" name="dd" nsuri="http://www.w3.org/1999/xhtml" flags="d" namespaces="=http://www.w3.org/1999/xhtml">
      <valueOf flags="e">
       <convert from="xs:untypedAtomic" to="xs:string">
        <data>
         <axis name="attribute" nodeTest="attribute(Q{}value)" jsTest="return item.name=='value'"/>
        </data>
       </convert>
      </valueOf>
     </elem>
    </sequence>
   </templateRule>
   <templateRule prec="0" prio="0.0" seq="6" rank="0" minImp="0" slots="0" flags="os" line="92" module="file:/Users/mike/w3c/qt3t/QT3-test-suite/viewer/test-case.xsl">
    <p.nodeTest role="match" test="element(Q{http://www.w3.org/2010/09/qt-fots-catalog}any-of)" jsTest="var q=SaxonJS.U.nameOfNode(item); return SaxonJS.U.isNode(item) &amp;&amp; item.nodeType==1 &amp;&amp; q.uri=='http://www.w3.org/2010/09/qt-fots-catalog'&amp;&amp;q.local=='any-of';"/>
    <sequence role="action" vn="31" baseUri="file:/Users/mike/w3c/qt3t/QT3-test-suite/viewer/test-case.xsl" ns="=http://www.w3.org/1999/xhtml xsl=http://www.w3.org/1999/XSL/Transform t=http://www.w3.org/2010/09/qt-fots-catalog prop=http://saxonica.com/ns/html-property ixsl=http://saxonica.com/ns/interactiveXSLT style=http://saxonica.com/ns/html-style-property xs=http://www.w3.org/2001/XMLSchema" line="93">
     <elem name="p" nsuri="http://www.w3.org/1999/xhtml" flags="d" namespaces="=http://www.w3.org/1999/xhtml">
      <valueOf flags="e">
       <str val="Any of:"/>
      </valueOf>
     </elem>
     <elem line="95" name="ul" nsuri="http://www.w3.org/1999/xhtml" flags="d" namespaces="=http://www.w3.org/1999/xhtml">
      <forEach>
       <axis name="child" nodeTest="element()" jsTest="return item.nodeType==1;"/>
       <elem line="97" name="li" nsuri="http://www.w3.org/1999/xhtml" flags="d" namespaces="=http://www.w3.org/1999/xhtml">
        <applyT flags="i" bSlot="0">
         <axis role="select" name="child" nodeTest="node()" jsTest="return true;"/>
        </applyT>
       </elem>
      </forEach>
     </elem>
    </sequence>
   </templateRule>
   <templateRule prec="0" prio="0.0" seq="9" rank="0" minImp="0" slots="0" flags="os" line="112" module="file:/Users/mike/w3c/qt3t/QT3-test-suite/viewer/test-case.xsl">
    <p.nodeTest role="match" test="element(Q{http://www.w3.org/2010/09/qt-fots-catalog}modified)" jsTest="var q=SaxonJS.U.nameOfNode(item); return SaxonJS.U.isNode(item) &amp;&amp; item.nodeType==1 &amp;&amp; q.uri=='http://www.w3.org/2010/09/qt-fots-catalog'&amp;&amp;q.local=='modified';"/>
    <elem role="action" vn="31" baseUri="file:/Users/mike/w3c/qt3t/QT3-test-suite/viewer/test-case.xsl" ns="=http://www.w3.org/1999/xhtml xsl=http://www.w3.org/1999/XSL/Transform t=http://www.w3.org/2010/09/qt-fots-catalog prop=http://saxonica.com/ns/html-property ixsl=http://saxonica.com/ns/interactiveXSLT style=http://saxonica.com/ns/html-style-property xs=http://www.w3.org/2001/XMLSchema" line="114" name="tr" nsuri="http://www.w3.org/1999/xhtml" flags="d" namespaces="=http://www.w3.org/1999/xhtml">
     <sequence>
      <elem name="td" nsuri="http://www.w3.org/1999/xhtml" flags="d">
       <valueOf flags="e">
        <fn name="format-date">
         <cast as="xs:date" emptiable="1">
          <data>
           <axis name="attribute" nodeTest="attribute(Q{}on)" jsTest="return item.name=='on'"/>
          </data>
         </cast>
         <str val="[D] [MNn,3-3] [Y]"/>
        </fn>
       </valueOf>
      </elem>
      <elem line="115" name="td" nsuri="http://www.w3.org/1999/xhtml" flags="d">
       <valueOf flags="e">
        <convert from="xs:untypedAtomic" to="xs:string">
         <data>
          <axis name="attribute" nodeTest="attribute(Q{}by)" jsTest="return item.name=='by'"/>
         </data>
        </convert>
       </valueOf>
      </elem>
      <elem line="116" name="td" nsuri="http://www.w3.org/1999/xhtml" flags="d">
       <valueOf flags="e">
        <fn name="string-join">
         <convert from="xs:anyAtomicType" to="xs:string">
          <data>
           <first>
            <sequence>
             <axis name="attribute" nodeTest="attribute(Q{}change)" jsTest="return item.name=='change'"/>
             <str val="new test"/>
            </sequence>
           </first>
          </data>
         </convert>
         <str val=" "/>
        </fn>
       </valueOf>
      </elem>
     </sequence>
    </elem>
   </templateRule>
   <templateRule prec="0" prio="0.0" seq="4" rank="0" minImp="0" slots="0" flags="os" line="72" module="file:/Users/mike/w3c/qt3t/QT3-test-suite/viewer/test-case.xsl">
    <p.nodeTest role="match" test="element(Q{http://www.w3.org/2010/09/qt-fots-catalog}test)" jsTest="var q=SaxonJS.U.nameOfNode(item); return SaxonJS.U.isNode(item) &amp;&amp; item.nodeType==1 &amp;&amp; q.uri=='http://www.w3.org/2010/09/qt-fots-catalog'&amp;&amp;q.local=='test';"/>
    <analyzeString role="action" vn="31" baseUri="file:/Users/mike/w3c/qt3t/QT3-test-suite/viewer/test-case.xsl" ns="=http://www.w3.org/1999/xhtml xsl=http://www.w3.org/1999/XSL/Transform t=http://www.w3.org/2010/09/qt-fots-catalog prop=http://saxonica.com/ns/html-property ixsl=http://saxonica.com/ns/interactiveXSLT style=http://saxonica.com/ns/html-style-property xs=http://www.w3.org/2001/XMLSchema" line="73">
     <cvUntyped role="select" to="xs:string">
      <data>
       <dot type="element(Q{http://www.w3.org/2010/09/qt-fots-catalog}test)"/>
      </data>
     </cvUntyped>
     <str role="regex" val="\n"/>
     <str role="flags" val=""/>
     <elem role="matching" name="br" nsuri="http://www.w3.org/1999/xhtml" flags="d" namespaces="=http://www.w3.org/1999/xhtml">
      <empty/>
     </elem>
     <valueOf role="nonMatching" line="77" flags="e">
      <dot type="xs:string"/>
     </valueOf>
    </analyzeString>
   </templateRule>
   <templateRule prec="0" prio="0.0" seq="5" rank="0" minImp="0" slots="0" flags="os" line="81" module="file:/Users/mike/w3c/qt3t/QT3-test-suite/viewer/test-case.xsl">
    <p.nodeTest role="match" test="element(Q{http://www.w3.org/2010/09/qt-fots-catalog}all-of)" jsTest="var q=SaxonJS.U.nameOfNode(item); return SaxonJS.U.isNode(item) &amp;&amp; item.nodeType==1 &amp;&amp; q.uri=='http://www.w3.org/2010/09/qt-fots-catalog'&amp;&amp;q.local=='all-of';"/>
    <sequence role="action" vn="31" baseUri="file:/Users/mike/w3c/qt3t/QT3-test-suite/viewer/test-case.xsl" ns="=http://www.w3.org/1999/xhtml xsl=http://www.w3.org/1999/XSL/Transform t=http://www.w3.org/2010/09/qt-fots-catalog prop=http://saxonica.com/ns/html-property ixsl=http://saxonica.com/ns/interactiveXSLT style=http://saxonica.com/ns/html-style-property xs=http://www.w3.org/2001/XMLSchema" line="82">
     <elem name="p" nsuri="http://www.w3.org/1999/xhtml" flags="d" namespaces="=http://www.w3.org/1999/xhtml">
      <valueOf flags="e">
       <str val="All of:"/>
      </valueOf>
     </elem>
     <elem line="84" name="ul" nsuri="http://www.w3.org/1999/xhtml" flags="d" namespaces="=http://www.w3.org/1999/xhtml">
      <forEach>
       <axis name="child" nodeTest="element()" jsTest="return item.nodeType==1;"/>
       <elem line="86" name="li" nsuri="http://www.w3.org/1999/xhtml" flags="d" namespaces="=http://www.w3.org/1999/xhtml">
        <applyT flags="i" bSlot="1">
         <axis role="select" name="child" nodeTest="node()" jsTest="return true;"/>
        </applyT>
       </elem>
      </forEach>
     </elem>
    </sequence>
   </templateRule>
   <templateRule prec="0" prio="0.0" seq="9" rank="0" minImp="0" slots="0" flags="os" line="112" module="file:/Users/mike/w3c/qt3t/QT3-test-suite/viewer/test-case.xsl">
    <p.nodeTest role="match" test="element(Q{http://www.w3.org/2010/09/qt-fots-catalog}created)" jsTest="var q=SaxonJS.U.nameOfNode(item); return SaxonJS.U.isNode(item) &amp;&amp; item.nodeType==1 &amp;&amp; q.uri=='http://www.w3.org/2010/09/qt-fots-catalog'&amp;&amp;q.local=='created';"/>
    <elem role="action" vn="31" baseUri="file:/Users/mike/w3c/qt3t/QT3-test-suite/viewer/test-case.xsl" ns="=http://www.w3.org/1999/xhtml xsl=http://www.w3.org/1999/XSL/Transform t=http://www.w3.org/2010/09/qt-fots-catalog prop=http://saxonica.com/ns/html-property ixsl=http://saxonica.com/ns/interactiveXSLT style=http://saxonica.com/ns/html-style-property xs=http://www.w3.org/2001/XMLSchema" line="114" name="tr" nsuri="http://www.w3.org/1999/xhtml" flags="d" namespaces="=http://www.w3.org/1999/xhtml">
     <sequence>
      <elem name="td" nsuri="http://www.w3.org/1999/xhtml" flags="d">
       <valueOf flags="e">
        <fn name="format-date">
         <cast as="xs:date" emptiable="1">
          <data>
           <axis name="attribute" nodeTest="attribute(Q{}on)" jsTest="return item.name=='on'"/>
          </data>
         </cast>
         <str val="[D] [MNn,3-3] [Y]"/>
        </fn>
       </valueOf>
      </elem>
      <elem line="115" name="td" nsuri="http://www.w3.org/1999/xhtml" flags="d">
       <valueOf flags="e">
        <convert from="xs:untypedAtomic" to="xs:string">
         <data>
          <axis name="attribute" nodeTest="attribute(Q{}by)" jsTest="return item.name=='by'"/>
         </data>
        </convert>
       </valueOf>
      </elem>
      <elem line="116" name="td" nsuri="http://www.w3.org/1999/xhtml" flags="d">
       <valueOf flags="e">
        <fn name="string-join">
         <convert from="xs:anyAtomicType" to="xs:string">
          <data>
           <first>
            <sequence>
             <axis name="attribute" nodeTest="attribute(Q{}change)" jsTest="return item.name=='change'"/>
             <str val="new test"/>
            </sequence>
           </first>
          </data>
         </convert>
         <str val=" "/>
        </fn>
       </valueOf>
      </elem>
     </sequence>
    </elem>
   </templateRule>
   <templateRule prec="0" prio="0.0" seq="0" rank="0" minImp="0" slots="4" flags="os" line="19" module="file:/Users/mike/w3c/qt3t/QT3-test-suite/viewer/test-case.xsl">
    <p.nodeTest role="match" test="element(Q{http://www.w3.org/2010/09/qt-fots-catalog}test-case)" jsTest="var q=SaxonJS.U.nameOfNode(item); return SaxonJS.U.isNode(item) &amp;&amp; item.nodeType==1 &amp;&amp; q.uri=='http://www.w3.org/2010/09/qt-fots-catalog'&amp;&amp;q.local=='test-case';"/>
    <sequence role="action" vn="31" baseUri="file:/Users/mike/w3c/qt3t/QT3-test-suite/viewer/test-case.xsl" ns="=http://www.w3.org/1999/xhtml xsl=http://www.w3.org/1999/XSL/Transform t=http://www.w3.org/2010/09/qt-fots-catalog prop=http://saxonica.com/ns/html-property ixsl=http://saxonica.com/ns/interactiveXSLT style=http://saxonica.com/ns/html-style-property xs=http://www.w3.org/2001/XMLSchema" line="20">
     <resultDoc global="#&#xA;#Thu Sep 15 22:45:41 BST 2016&#xA;" local="#&#xA;#Thu Sep 15 22:45:41 BST 2016&#xA;method={http\://saxonica.com/ns/interactiveXSLT}replace-content&#xA;">
      <str role="href" val="#title"/>
      <sequence role="content">
       <valueOf flags="e">
        <str val=" Test case&#xA;                "/>
       </valueOf>
       <elem line="21" name="emph" nsuri="http://www.w3.org/1999/xhtml" flags="d" namespaces="=http://www.w3.org/1999/xhtml">
        <valueOf flags="e">
         <gVarRef name="Q{}test-case" bSlot="2"/>
        </valueOf>
       </elem>
       <valueOf flags="e">
        <str val=" in test set "/>
       </valueOf>
       <elem line="21" name="emph" nsuri="http://www.w3.org/1999/xhtml" flags="d" namespaces="=http://www.w3.org/1999/xhtml">
        <valueOf flags="e">
         <fn name="string-join">
          <convert from="xs:untypedAtomic" to="xs:string">
           <data>
            <slash>
             <slash simple="1">
              <root/>
              <axis name="child" nodeTest="element(Q{http://www.w3.org/2010/09/qt-fots-catalog}test-set)" jsTest="var q=SaxonJS.U.nameOfNode(item); return item.nodeType==1 &amp;&amp; q.uri=='http://www.w3.org/2010/09/qt-fots-catalog'&amp;&amp;q.local=='test-set';"/>
             </slash>
             <axis name="attribute" nodeTest="attribute(Q{}name)" jsTest="return item.name=='name'"/>
            </slash>
           </data>
          </convert>
          <str val=" "/>
         </fn>
        </valueOf>
       </elem>
      </sequence>
     </resultDoc>
     <resultDoc line="23" global="#&#xA;#Thu Sep 15 22:45:41 BST 2016&#xA;" local="#&#xA;#Thu Sep 15 22:45:41 BST 2016&#xA;method={http\://saxonica.com/ns/interactiveXSLT}replace-content&#xA;">
      <str role="href" val="#target"/>
      <sequence role="content" line="24">
       <elem name="h2" nsuri="http://www.w3.org/1999/xhtml" flags="d" namespaces="=http://www.w3.org/1999/xhtml">
        <valueOf flags="Se">
         <str val="History"/>
        </valueOf>
       </elem>
       <elem line="25" name="table" nsuri="http://www.w3.org/1999/xhtml" flags="d" namespaces="=http://www.w3.org/1999/xhtml">
        <sequence>
         <att name="cellpadding">
          <str val="10px"/>
         </att>
         <elem line="28" name="thead" nsuri="http://www.w3.org/1999/xhtml" flags="d">
          <elem name="tr" nsuri="http://www.w3.org/1999/xhtml" flags="d">
           <sequence>
            <elem name="th" nsuri="http://www.w3.org/1999/xhtml" flags="d">
             <valueOf flags="Se">
              <str val="Date"/>
             </valueOf>
            </elem>
            <elem line="29" name="th" nsuri="http://www.w3.org/1999/xhtml" flags="d">
             <valueOf flags="Se">
              <str val="Person"/>
             </valueOf>
            </elem>
            <elem line="30" name="th" nsuri="http://www.w3.org/1999/xhtml" flags="d">
             <valueOf flags="Se">
              <str val="Change"/>
             </valueOf>
            </elem>
           </sequence>
          </elem>
         </elem>
         <elem line="34" name="tbody" nsuri="http://www.w3.org/1999/xhtml" flags="d" namespaces="=http://www.w3.org/1999/xhtml">
          <applyT bSlot="3">
           <sequence role="select">
            <axis name="child" nodeTest="element(Q{http://www.w3.org/2010/09/qt-fots-catalog}created)" jsTest="var q=SaxonJS.U.nameOfNode(item); return item.nodeType==1 &amp;&amp; q.uri=='http://www.w3.org/2010/09/qt-fots-catalog'&amp;&amp;q.local=='created';"/>
            <axis name="child" nodeTest="element(Q{http://www.w3.org/2010/09/qt-fots-catalog}modified)" jsTest="var q=SaxonJS.U.nameOfNode(item); return item.nodeType==1 &amp;&amp; q.uri=='http://www.w3.org/2010/09/qt-fots-catalog'&amp;&amp;q.local=='modified';"/>
           </sequence>
          </applyT>
         </elem>
        </sequence>
       </elem>
       <elem line="38" name="div" nsuri="http://www.w3.org/1999/xhtml" flags="d" namespaces="=http://www.w3.org/1999/xhtml">
        <sequence>
         <elem name="h2" nsuri="http://www.w3.org/1999/xhtml" flags="d">
          <valueOf flags="Se">
           <str val="Environment"/>
          </valueOf>
         </elem>
         <applyT line="41" bSlot="4">
          <let role="select" var="vv:current434176574" as="element(Q{http://www.w3.org/2010/09/qt-fots-catalog}test-case)" slot="0" eval="7">
           <dot type="element(Q{http://www.w3.org/2010/09/qt-fots-catalog}test-case)"/>
           <sequence>
            <filter flags="b">
             <axis name="child" nodeTest="element(Q{http://www.w3.org/2010/09/qt-fots-catalog}environment)" jsTest="var q=SaxonJS.U.nameOfNode(item); return item.nodeType==1 &amp;&amp; q.uri=='http://www.w3.org/2010/09/qt-fots-catalog'&amp;&amp;q.local=='environment';"/>
             <fn name="not">
              <axis name="attribute" nodeTest="attribute(Q{}ref)" jsTest="return item.name=='ref'"/>
             </fn>
            </filter>
            <let var="vv:loc1112280004" as="xs:untypedAtomic*" slot="1" eval="3">
             <data>
              <slash>
               <slash simple="1">
                <varRef name="vv:current434176574" slot="0"/>
                <axis name="child" nodeTest="element(Q{http://www.w3.org/2010/09/qt-fots-catalog}environment)" jsTest="var q=SaxonJS.U.nameOfNode(item); return item.nodeType==1 &amp;&amp; q.uri=='http://www.w3.org/2010/09/qt-fots-catalog'&amp;&amp;q.local=='environment';"/>
               </slash>
               <axis name="attribute" nodeTest="attribute(Q{}ref)" jsTest="return item.name=='ref'"/>
              </slash>
             </data>
             <fn name="key">
              <str val="Q{http://saxon.sf.net/}kk102"/>
              <varRef name="vv:loc1112280004" slot="1"/>
              <root/>
             </fn>
            </let>
           </sequence>
          </let>
         </applyT>
        </sequence>
       </elem>
       <elem line="44" name="div" nsuri="http://www.w3.org/1999/xhtml" flags="d" namespaces="=http://www.w3.org/1999/xhtml">
        <sequence>
         <elem name="h2" nsuri="http://www.w3.org/1999/xhtml" flags="d">
          <valueOf flags="Se">
           <str val="Dependencies"/>
          </valueOf>
         </elem>
         <applyT line="45" bSlot="5">
          <let role="select" var="vv:current2096057945" as="element(Q{http://www.w3.org/2010/09/qt-fots-catalog}test-case)" slot="2" eval="7">
           <dot type="element(Q{http://www.w3.org/2010/09/qt-fots-catalog}test-case)"/>
           <sequence>
            <axis name="child" nodeTest="element(Q{http://www.w3.org/2010/09/qt-fots-catalog}dependency)" jsTest="var q=SaxonJS.U.nameOfNode(item); return item.nodeType==1 &amp;&amp; q.uri=='http://www.w3.org/2010/09/qt-fots-catalog'&amp;&amp;q.local=='dependency';"/>
            <let var="vv:loc380936215" as="xs:untypedAtomic*" slot="3" eval="3">
             <data>
              <slash>
               <slash simple="1">
                <varRef name="vv:current2096057945" slot="2"/>
                <axis name="child" nodeTest="element(Q{http://www.w3.org/2010/09/qt-fots-catalog}dependency)" jsTest="var q=SaxonJS.U.nameOfNode(item); return item.nodeType==1 &amp;&amp; q.uri=='http://www.w3.org/2010/09/qt-fots-catalog'&amp;&amp;q.local=='dependency';"/>
               </slash>
               <axis name="attribute" nodeTest="attribute(Q{}type)" jsTest="return item.name=='type'"/>
              </slash>
             </data>
             <filter flags="b">
              <slash>
               <axis name="parent" nodeTest="(element()|document-node())" jsTest="return SaxonJS.U.isNode(item) &amp;&amp; (item.nodeType==9||item.nodeType==11||item.nodeType==1);"/>
               <axis name="child" nodeTest="element(Q{http://www.w3.org/2010/09/qt-fots-catalog}dependency)" jsTest="var q=SaxonJS.U.nameOfNode(item); return item.nodeType==1 &amp;&amp; q.uri=='http://www.w3.org/2010/09/qt-fots-catalog'&amp;&amp;q.local=='dependency';"/>
              </slash>
              <fn name="not">
               <indexedLookup comp="CCC">
                <varRef name="vv:loc380936215" slot="3"/>
                <data>
                 <axis name="attribute" nodeTest="attribute(Q{}type)" jsTest="return item.name=='type'"/>
                </data>
               </indexedLookup>
              </fn>
             </filter>
            </let>
           </sequence>
          </let>
         </applyT>
        </sequence>
       </elem>
       <elem line="48" name="div" nsuri="http://www.w3.org/1999/xhtml" flags="d" namespaces="=http://www.w3.org/1999/xhtml">
        <sequence>
         <elem name="h2" nsuri="http://www.w3.org/1999/xhtml" flags="d">
          <valueOf flags="Se">
           <str val="Test"/>
          </valueOf>
         </elem>
         <elem line="49" name="p" nsuri="http://www.w3.org/1999/xhtml" flags="d">
          <elem name="code" nsuri="http://www.w3.org/1999/xhtml" flags="d" namespaces="=http://www.w3.org/1999/xhtml">
           <applyT bSlot="6">
            <axis role="select" name="child" nodeTest="element(Q{http://www.w3.org/2010/09/qt-fots-catalog}test)" jsTest="var q=SaxonJS.U.nameOfNode(item); return item.nodeType==1 &amp;&amp; q.uri=='http://www.w3.org/2010/09/qt-fots-catalog'&amp;&amp;q.local=='test';"/>
           </applyT>
          </elem>
         </elem>
        </sequence>
       </elem>
       <elem line="52" name="div" nsuri="http://www.w3.org/1999/xhtml" flags="d" namespaces="=http://www.w3.org/1999/xhtml">
        <sequence>
         <elem name="h2" nsuri="http://www.w3.org/1999/xhtml" flags="d">
          <valueOf flags="e">
           <str val="Expected Results"/>
          </valueOf>
         </elem>
         <applyT line="53" bSlot="7">
          <slash role="select">
           <axis name="child" nodeTest="element(Q{http://www.w3.org/2010/09/qt-fots-catalog}result)" jsTest="var q=SaxonJS.U.nameOfNode(item); return item.nodeType==1 &amp;&amp; q.uri=='http://www.w3.org/2010/09/qt-fots-catalog'&amp;&amp;q.local=='result';"/>
           <axis name="child" nodeTest="element()" jsTest="return item.nodeType==1;"/>
          </slash>
         </applyT>
        </sequence>
       </elem>
      </sequence>
     </resultDoc>
    </sequence>
   </templateRule>
   <templateRule prec="0" prio="0.0" seq="8" rank="0" minImp="0" slots="0" flags="os" line="108" module="file:/Users/mike/w3c/qt3t/QT3-test-suite/viewer/test-case.xsl">
    <p.nodeTest role="match" test="element(Q{http://www.w3.org/2010/09/qt-fots-catalog}error)" jsTest="var q=SaxonJS.U.nameOfNode(item); return SaxonJS.U.isNode(item) &amp;&amp; item.nodeType==1 &amp;&amp; q.uri=='http://www.w3.org/2010/09/qt-fots-catalog'&amp;&amp;q.local=='error';"/>
    <elem role="action" vn="31" baseUri="file:/Users/mike/w3c/qt3t/QT3-test-suite/viewer/test-case.xsl" ns="=http://www.w3.org/1999/xhtml xsl=http://www.w3.org/1999/XSL/Transform t=http://www.w3.org/2010/09/qt-fots-catalog prop=http://saxonica.com/ns/html-property ixsl=http://saxonica.com/ns/interactiveXSLT style=http://saxonica.com/ns/html-style-property xs=http://www.w3.org/2001/XMLSchema" line="109" name="dt" nsuri="http://www.w3.org/1999/xhtml" flags="d" namespaces="=http://www.w3.org/1999/xhtml">
     <valueOf flags="e">
      <fn name="concat">
       <str val="error "/>
       <fn name="string">
        <convert from="xs:untypedAtomic" to="xs:string">
         <data>
          <axis name="attribute" nodeTest="attribute(Q{}code)" jsTest="return item.name=='code'"/>
         </data>
        </convert>
       </fn>
      </fn>
     </valueOf>
    </elem>
   </templateRule>
   <templateRule prec="0" prio="0.0" seq="2" rank="0" minImp="0" slots="0" flags="os" line="63" module="file:/Users/mike/w3c/qt3t/QT3-test-suite/viewer/test-case.xsl">
    <p.nodeTest role="match" test="element(Q{http://www.w3.org/2010/09/qt-fots-catalog}environment)" jsTest="var q=SaxonJS.U.nameOfNode(item); return SaxonJS.U.isNode(item) &amp;&amp; item.nodeType==1 &amp;&amp; q.uri=='http://www.w3.org/2010/09/qt-fots-catalog'&amp;&amp;q.local=='environment';"/>
    <applyT role="action" vn="31" baseUri="file:/Users/mike/w3c/qt3t/QT3-test-suite/viewer/test-case.xsl" ns="=http://www.w3.org/1999/xhtml xsl=http://www.w3.org/1999/XSL/Transform t=http://www.w3.org/2010/09/qt-fots-catalog prop=http://saxonica.com/ns/html-property ixsl=http://saxonica.com/ns/interactiveXSLT style=http://saxonica.com/ns/html-style-property xs=http://www.w3.org/2001/XMLSchema" line="64" flags="t" bSlot="8">
     <axis role="select" name="child" nodeTest="element()" jsTest="return item.nodeType==1;"/>
    </applyT>
   </templateRule>
  </mode>
 </co>
 <overridden/>
 <key name="Q{http://saxon.sf.net/}kk101" line="0" binds="">
  <p.nodeSet>
   <slash vn="31" baseUri="file:/Users/mike/w3c/qt3t/QT3-test-suite/viewer/test-case.xsl" ns="=http://www.w3.org/1999/xhtml xsl=http://www.w3.org/1999/XSL/Transform t=http://www.w3.org/2010/09/qt-fots-catalog prop=http://saxonica.com/ns/html-property ixsl=http://saxonica.com/ns/interactiveXSLT style=http://saxonica.com/ns/html-style-property xs=http://www.w3.org/2001/XMLSchema" line="16">
    <slash simple="1">
     <fn name="doc">
      <fn name="replace">
       <gVarRef name="Q{}base" bSlot="-1"/>
       <str val="viewer/test-case.html"/>
       <gVarRef name="Q{}file" bSlot="-1"/>
       <str val=""/>
      </fn>
     </fn>
     <axis name="child" nodeTest="element()" jsTest="return item.nodeType==1;"/>
    </slash>
    <axis name="child" nodeTest="element(Q{http://www.w3.org/2010/09/qt-fots-catalog}test-case)" jsTest="var q=SaxonJS.U.nameOfNode(item); return item.nodeType==1 &amp;&amp; q.uri=='http://www.w3.org/2010/09/qt-fots-catalog'&amp;&amp;q.local=='test-case';"/>
   </slash>
  </p.nodeSet>
  <data vn="31" baseUri="file:/Users/mike/w3c/qt3t/QT3-test-suite/viewer/test-case.xsl" ns="=http://www.w3.org/1999/xhtml xsl=http://www.w3.org/1999/XSL/Transform t=http://www.w3.org/2010/09/qt-fots-catalog prop=http://saxonica.com/ns/html-property ixsl=http://saxonica.com/ns/interactiveXSLT style=http://saxonica.com/ns/html-style-property xs=http://www.w3.org/2001/XMLSchema" line="16">
   <axis name="attribute" nodeTest="attribute(Q{}name)" jsTest="return item.name=='name'"/>
  </data>
 </key>
 <key name="Q{http://saxon.sf.net/}kk102" line="0" binds="">
  <p.nodeSet>
   <slash vn="31" baseUri="file:/Users/mike/w3c/qt3t/QT3-test-suite/viewer/test-case.xsl" ns="=http://www.w3.org/1999/xhtml xsl=http://www.w3.org/1999/XSL/Transform t=http://www.w3.org/2010/09/qt-fots-catalog prop=http://saxonica.com/ns/html-property ixsl=http://saxonica.com/ns/interactiveXSLT style=http://saxonica.com/ns/html-style-property xs=http://www.w3.org/2001/XMLSchema" line="41">
    <slash simple="1">
     <root/>
     <axis name="child" nodeTest="element()" jsTest="return item.nodeType==1;"/>
    </slash>
    <axis name="child" nodeTest="element(Q{http://www.w3.org/2010/09/qt-fots-catalog}environment)" jsTest="var q=SaxonJS.U.nameOfNode(item); return item.nodeType==1 &amp;&amp; q.uri=='http://www.w3.org/2010/09/qt-fots-catalog'&amp;&amp;q.local=='environment';"/>
   </slash>
  </p.nodeSet>
  <data vn="31" baseUri="file:/Users/mike/w3c/qt3t/QT3-test-suite/viewer/test-case.xsl" ns="=http://www.w3.org/1999/xhtml xsl=http://www.w3.org/1999/XSL/Transform t=http://www.w3.org/2010/09/qt-fots-catalog prop=http://saxonica.com/ns/html-property ixsl=http://saxonica.com/ns/interactiveXSLT style=http://saxonica.com/ns/html-style-property xs=http://www.w3.org/2001/XMLSchema" line="41">
   <axis name="attribute" nodeTest="attribute(Q{}name)" jsTest="return item.name=='name'"/>
  </data>
 </key>
 <output>
  <property name="{http://saxon.sf.net/}stylesheet-version" value="30"/>
 </output>
 <decimalFormat decimal-separator="46" grouping-separator="44" digit="35" minus-sign="45" percent="37" per-mille="8240" zero-digit="48" exponent-separator="101" pattern-separator="59" infinity="Infinity" NaN="NaN"/>
</package>
<?Σ 34465e65?>
