<package xmlns="http://ns.saxonica.com/xslt/export" xmlns:fn="http://www.w3.org/2005/xpath-functions" xmlns:xs="http://www.w3.org/2001/XMLSchema" xmlns:vv="http://saxon.sf.net/generated-variable" xmlns:java-type="http://saxon.sf.net/java-type" dmk="TGljZW5zb3I9U2F4b25pY2EKTGljZW5zZWU9TydOZWlsIERlbHByYXR0CkNvbXBhbnk9T0VNIFNheG9uCkVtYWlsPW9uZWlsQFNheG9uaWNhLmNvbQpFZGl0aW9uPUVFClNBVD15ZXMKU0FRPXllcwpTQVY9eWVzCklzc3VlZD0yMDE1LTExLTEyClNlcmllcz1WClNlcmlhbD1WMDAwMDA2ClVzZXI9UDAwMDEKRXZhbHVhdGlvbj1ubwpFeHBpcmF0aW9uPW5ldmVyClVwZ3JhZGVEYXlzPTM2NgpNYWludGVuYW5jZURheXM9MzY2ClNpZ25hdHVyZT0zMDJEMDIxNDE2QUJCMzMxQzIzNTA2OEU5NUE4QjRFN0M3NTI2NkIyMUJEQkQwMUMwMjE1MDA4RjVFMzQ3OUMxMzRFOTI2QzJFRjczNzM0M0RFNzhGMDg4NTIyMjg4Cg==" version="30" packageVersion="1">
 <co id="0" binds="">
  <globalVariable name="Q{}base" type="xs:string" line="0" visibility="PRIVATE" jsAcceptor="return SaxonJS.U.Atomic.string.cast(val);" jsCardCheck="function c(n) {return n==1;};">
   <fn vn="31" baseUri="file:/Users/mike/w3c/qt3t/QT3-test-suite/viewer/test-set.xsl" ns="=http://www.w3.org/1999/xhtml xsl=http://www.w3.org/1999/XSL/Transform t=http://www.w3.org/2010/09/qt-fots-catalog prop=http://saxonica.com/ns/html-property ixsl=http://saxonica.com/ns/interactiveXSLT style=http://saxonica.com/ns/html-style-property xs=http://www.w3.org/2001/XMLSchema" line="12" name="substring-before">
    <treat as="xs:string" jsTest="return SaxonJS.U.Atomic.string.matches(item);" diag="0|0||substring-before">
     <check card="?" diag="0|0||substring-before">
      <cvUntyped to="xs:string">
       <data>
        <ifCall xmlns:ixsl="http://saxonica.com/ns/interactiveXSLT" name="ixsl:location" type="item()?"/>
       </data>
      </cvUntyped>
     </check>
    </treat>
    <str val="?"/>
   </fn>
  </globalVariable>
 </co>
 <co id="1" binds="0 2">
  <globalVariable name="Q{http://saxon.sf.net/generated-variable}gg1450821318" type="document-node()" line="18" module="file:/Users/mike/w3c/qt3t/QT3-test-suite/viewer/test-set.xsl" visibility="PRIVATE" jsAcceptor="function test(item) {return SaxonJS.U.isNode(item) &amp;&amp; (item.nodeType==9||item.nodeType==11);};if (test(val)) {return val;} else {throw XError('Conversion failed', 'XTTE0590');}" jsCardCheck="function c(n) {return n==1;};">
   <fn vn="31" baseUri="file:/Users/mike/w3c/qt3t/QT3-test-suite/viewer/test-set.xsl" ns="=http://www.w3.org/1999/xhtml xsl=http://www.w3.org/1999/XSL/Transform t=http://www.w3.org/2010/09/qt-fots-catalog prop=http://saxonica.com/ns/html-property ixsl=http://saxonica.com/ns/interactiveXSLT style=http://saxonica.com/ns/html-style-property xs=http://www.w3.org/2001/XMLSchema" line="18" name="doc">
    <fn name="replace">
     <gVarRef name="Q{}base" bSlot="0"/>
     <str val="viewer/test-set.html"/>
     <gVarRef name="Q{}file" bSlot="1"/>
     <str val=""/>
    </fn>
   </fn>
  </globalVariable>
 </co>
 <co id="2" binds="">
  <globalVariable name="Q{}file" type="xs:string" line="0" visibility="PRIVATE" jsAcceptor="return SaxonJS.U.Atomic.string.cast(val);" jsCardCheck="function c(n) {return n==1;};">
   <fn vn="31" baseUri="file:/Users/mike/w3c/qt3t/QT3-test-suite/viewer/test-set.xsl" ns="=http://www.w3.org/1999/xhtml xsl=http://www.w3.org/1999/XSL/Transform t=http://www.w3.org/2010/09/qt-fots-catalog prop=http://saxonica.com/ns/html-property ixsl=http://saxonica.com/ns/interactiveXSLT style=http://saxonica.com/ns/html-style-property xs=http://www.w3.org/2001/XMLSchema" line="11" name="substring-after">
    <treat as="xs:string" jsTest="return SaxonJS.U.Atomic.string.matches(item);" diag="0|0||substring-after">
     <check card="?" diag="0|0||substring-after">
      <cvUntyped to="xs:string">
       <data>
        <ifCall xmlns:ixsl="http://saxonica.com/ns/interactiveXSLT" name="ixsl:location" type="item()?"/>
       </data>
      </cvUntyped>
     </check>
    </treat>
    <str val="?src="/>
   </fn>
  </globalVariable>
 </co>
 <co id="3" binds="2 4 1">
  <template name="Q{}main" flags="os" line="14" module="file:/Users/mike/w3c/qt3t/QT3-test-suite/viewer/test-set.xsl" slots="0">
   <sequence role="body" vn="31" baseUri="file:/Users/mike/w3c/qt3t/QT3-test-suite/viewer/test-set.xsl" ns="=http://www.w3.org/1999/xhtml xsl=http://www.w3.org/1999/XSL/Transform t=http://www.w3.org/2010/09/qt-fots-catalog prop=http://saxonica.com/ns/html-property ixsl=http://saxonica.com/ns/interactiveXSLT style=http://saxonica.com/ns/html-style-property xs=http://www.w3.org/2001/XMLSchema" line="15">
    <resultDoc global="#&#xA;#Thu Sep 15 22:40:04 BST 2016&#xA;" local="#&#xA;#Thu Sep 15 22:40:04 BST 2016&#xA;method={http\://saxonica.com/ns/interactiveXSLT}replace-content&#xA;">
     <str role="href" val="#title"/>
     <valueOf role="content" flags="e">
      <fn name="concat">
       <str val="&#xA;            File "/>
       <gVarRef name="Q{}file" bSlot="0"/>
       <str val="&#xA;        "/>
      </fn>
     </valueOf>
    </resultDoc>
    <applyT line="18" flags="t" bSlot="1">
     <gVarRef role="select" name="Q{http://saxon.sf.net/generated-variable}gg1450821318" bSlot="2"/>
    </applyT>
   </sequence>
  </template>
 </co>
 <co id="4" binds="2 4">
  <mode onNo="TC" flags="dW" patternSlots="0">
   <templateRule prec="0" prio="-0.5" seq="0" rank="0" minImp="0" slots="0" flags="os" line="21" module="file:/Users/mike/w3c/qt3t/QT3-test-suite/viewer/test-set.xsl">
    <p.nodeTest role="match" test="document-node()" jsTest="return SaxonJS.U.isNode(item) &amp;&amp; (item.nodeType==9||item.nodeType==11);"/>
    <sequence role="action" vn="31" baseUri="file:/Users/mike/w3c/qt3t/QT3-test-suite/viewer/test-set.xsl" ns="=http://www.w3.org/1999/xhtml xsl=http://www.w3.org/1999/XSL/Transform t=http://www.w3.org/2010/09/qt-fots-catalog prop=http://saxonica.com/ns/html-property ixsl=http://saxonica.com/ns/interactiveXSLT style=http://saxonica.com/ns/html-style-property xs=http://www.w3.org/2001/XMLSchema" line="22">
     <resultDoc global="#&#xA;#Thu Sep 15 22:40:04 BST 2016&#xA;" local="#&#xA;#Thu Sep 15 22:40:04 BST 2016&#xA;method={http\://saxonica.com/ns/interactiveXSLT}replace-content&#xA;">
      <str role="href" val="#title"/>
      <valueOf role="content" flags="e">
       <fn name="concat">
        <str val="&#xA;            QT3 Test Suite: Test Set "/>
        <fn name="string-join">
         <convert from="xs:untypedAtomic" to="xs:string">
          <data>
           <slash>
            <axis name="child" nodeTest="element(Q{http://www.w3.org/2010/09/qt-fots-catalog}test-set)" jsTest="var q=SaxonJS.U.nameOfNode(item); return item.nodeType==1 &amp;&amp; q.uri=='http://www.w3.org/2010/09/qt-fots-catalog'&amp;&amp;q.local=='test-set';"/>
            <axis name="attribute" nodeTest="attribute(Q{}name)" jsTest="return item.name=='name'"/>
           </slash>
          </data>
         </convert>
         <str val=" "/>
        </fn>
        <str val="&#xA;        "/>
       </fn>
      </valueOf>
     </resultDoc>
     <resultDoc line="25" global="#&#xA;#Thu Sep 15 22:40:04 BST 2016&#xA;" local="#&#xA;#Thu Sep 15 22:40:04 BST 2016&#xA;method={http\://saxonica.com/ns/interactiveXSLT}replace-content&#xA;">
      <str role="href" val="#target"/>
      <elem role="content" line="26" name="table" nsuri="http://www.w3.org/1999/xhtml" flags="d" namespaces="=http://www.w3.org/1999/xhtml">
       <sequence>
        <att name="cellpadding">
         <str val="10px"/>
        </att>
        <elem line="29" name="thead" nsuri="http://www.w3.org/1999/xhtml" flags="d">
         <elem name="tr" nsuri="http://www.w3.org/1999/xhtml" flags="d">
          <sequence>
           <elem name="th" nsuri="http://www.w3.org/1999/xhtml" flags="d">
            <sequence>
             <att name="align">
              <str val="left"/>
             </att>
             <valueOf flags="Se">
              <str val="Name"/>
             </valueOf>
            </sequence>
           </elem>
           <elem line="30" name="th" nsuri="http://www.w3.org/1999/xhtml" flags="d">
            <sequence>
             <att name="align">
              <str val="left"/>
             </att>
             <valueOf flags="Se">
              <str val="Test"/>
             </valueOf>
            </sequence>
           </elem>
          </sequence>
         </elem>
        </elem>
        <elem line="34" name="tbody" nsuri="http://www.w3.org/1999/xhtml" flags="d">
         <forEach>
          <sort>
           <axis role="select" name="descendant" nodeTest="*:test-case" jsTest="var q=SaxonJS.U.nameOfNode(item); return SaxonJS.U.isNode(item) &amp;&amp; item.nodeType==1&amp;&amp;q.local == 'test-case'"/>
           <sortKey line="35" comp="CCC">
            <data role="select">
             <axis name="attribute" nodeTest="attribute(Q{}name)" jsTest="return item.name=='name'"/>
            </data>
            <str role="order" val="ascending"/>
            <str role="lang" val=""/>
            <str role="caseOrder" val="#default"/>
            <str role="stable" val="yes"/>
            <str role="collation" val="http://www.w3.org/2005/xpath-functions/collation/codepoint"/>
           </sortKey>
          </sort>
          <elem line="37" name="tr" nsuri="http://www.w3.org/1999/xhtml" flags="d" namespaces="=http://www.w3.org/1999/xhtml">
           <sequence>
            <elem name="td" nsuri="http://www.w3.org/1999/xhtml" flags="d">
             <sequence>
              <att name="valign">
               <str val="top"/>
              </att>
              <elem name="a" nsuri="http://www.w3.org/1999/xhtml" flags="d">
               <sequence>
                <att name="href">
                 <fn name="concat">
                  <str val="test-case.html?src="/>
                  <gVarRef name="Q{}file" bSlot="0"/>
                  <str val=";case="/>
                  <fn name="string">
                   <convert from="xs:untypedAtomic" to="xs:string">
                    <data>
                     <axis name="attribute" nodeTest="attribute(Q{}name)" jsTest="return item.name=='name'"/>
                    </data>
                   </convert>
                  </fn>
                 </fn>
                </att>
                <elem name="span" nsuri="http://www.w3.org/1999/xhtml" flags="d">
                 <sequence>
                  <att name="style">
                   <str val="white-space: nowrap"/>
                  </att>
                  <valueOf flags="e">
                   <convert from="xs:untypedAtomic" to="xs:string">
                    <data>
                     <axis name="attribute" nodeTest="attribute(Q{}name)" jsTest="return item.name=='name'"/>
                    </data>
                   </convert>
                  </valueOf>
                 </sequence>
                </elem>
               </sequence>
              </elem>
             </sequence>
            </elem>
            <elem line="38" name="td" nsuri="http://www.w3.org/1999/xhtml" flags="d">
             <sequence>
              <att name="valign">
               <str val="top"/>
              </att>
              <elem name="code" nsuri="http://www.w3.org/1999/xhtml" flags="d" namespaces="=http://www.w3.org/1999/xhtml">
               <applyT bSlot="1">
                <axis role="select" name="child" nodeTest="element(Q{http://www.w3.org/2010/09/qt-fots-catalog}test)" jsTest="var q=SaxonJS.U.nameOfNode(item); return item.nodeType==1 &amp;&amp; q.uri=='http://www.w3.org/2010/09/qt-fots-catalog'&amp;&amp;q.local=='test';"/>
               </applyT>
              </elem>
             </sequence>
            </elem>
           </sequence>
          </elem>
         </forEach>
        </elem>
       </sequence>
      </elem>
     </resultDoc>
    </sequence>
   </templateRule>
   <templateRule prec="0" prio="0.0" seq="1" rank="1" minImp="0" slots="0" flags="os" line="46" module="file:/Users/mike/w3c/qt3t/QT3-test-suite/viewer/test-set.xsl">
    <p.nodeTest role="match" test="element(Q{http://www.w3.org/2010/09/qt-fots-catalog}test)" jsTest="var q=SaxonJS.U.nameOfNode(item); return SaxonJS.U.isNode(item) &amp;&amp; item.nodeType==1 &amp;&amp; q.uri=='http://www.w3.org/2010/09/qt-fots-catalog'&amp;&amp;q.local=='test';"/>
    <analyzeString role="action" vn="31" baseUri="file:/Users/mike/w3c/qt3t/QT3-test-suite/viewer/test-set.xsl" ns="=http://www.w3.org/1999/xhtml xsl=http://www.w3.org/1999/XSL/Transform t=http://www.w3.org/2010/09/qt-fots-catalog prop=http://saxonica.com/ns/html-property ixsl=http://saxonica.com/ns/interactiveXSLT style=http://saxonica.com/ns/html-style-property xs=http://www.w3.org/2001/XMLSchema" line="47">
     <cvUntyped role="select" to="xs:string">
      <data>
       <dot type="element(Q{http://www.w3.org/2010/09/qt-fots-catalog}test)"/>
      </data>
     </cvUntyped>
     <str role="regex" val="\n"/>
     <str role="flags" val=""/>
     <elem role="matching" name="br" nsuri="http://www.w3.org/1999/xhtml" flags="d" namespaces="=http://www.w3.org/1999/xhtml">
      <empty/>
     </elem>
     <valueOf role="nonMatching" line="49" flags="e">
      <dot type="xs:string"/>
     </valueOf>
    </analyzeString>
   </templateRule>
  </mode>
 </co>
 <overridden/>
 <output>
  <property name="{http://saxon.sf.net/}stylesheet-version" value="30"/>
 </output>
 <decimalFormat decimal-separator="46" grouping-separator="44" digit="35" minus-sign="45" percent="37" per-mille="8240" zero-digit="48" exponent-separator="101" pattern-separator="59" infinity="Infinity" NaN="NaN"/>
</package>
<?Σ b6e0a762?>
